[debug] [2024-03-03T03:30:50.223Z] ----------------------------------------------------------------------
[debug] [2024-03-03T03:30:50.225Z] Command:       C:\Program Files\nodejs\node.exe C:\Users\ASUS\AppData\Roaming\npm\node_modules\firebase-tools\lib\bin\firebase.js init
[debug] [2024-03-03T03:30:50.225Z] CLI Version:   13.4.0
[debug] [2024-03-03T03:30:50.226Z] Platform:      win32
[debug] [2024-03-03T03:30:50.226Z] Node Version:  v18.18.0
[debug] [2024-03-03T03:30:50.227Z] Time:          Sun Mar 03 2024 10:30:50 GMT+0700 (Western Indonesia Time)
[debug] [2024-03-03T03:30:50.227Z] ----------------------------------------------------------------------
[debug] 
[debug] [2024-03-03T03:30:50.233Z] > command requires scopes: ["email","openid","https://www.googleapis.com/auth/cloudplatformprojects.readonly","https://www.googleapis.com/auth/firebase","https://www.googleapis.com/auth/cloud-platform"]
[debug] [2024-03-03T03:30:50.233Z] > authorizing via signed-in user (govid.co.id@gmail.com)
[info] 
     ######## #### ########  ######## ########     ###     ######  ########
     ##        ##  ##     ## ##       ##     ##  ##   ##  ##       ##
     ######    ##  ########  ######   ########  #########  ######  ######
     ##        ##  ##    ##  ##       ##     ## ##     ##       ## ##
     ##       #### ##     ## ######## ########  ##     ##  ######  ########

You're about to initialize a Firebase project in this directory:

  D:\ziiChats

[info] 
=== Project Setup
[info] 
[info] First, let's associate this project directory with a Firebase project.
[info] You can create multiple project aliases by running firebase use --add, 
[info] but for now we'll just set up a default project.
[info] 
[debug] [2024-03-03T03:31:20.533Z] > refreshing access token with scopes: []
[debug] [2024-03-03T03:31:20.535Z] >>> [apiv2][query] POST https://www.googleapis.com/oauth2/v3/token [none]
[debug] [2024-03-03T03:31:20.536Z] >>> [apiv2][body] POST https://www.googleapis.com/oauth2/v3/token [omitted]
[debug] [2024-03-03T03:31:20.751Z] <<< [apiv2][status] POST https://www.googleapis.com/oauth2/v3/token 200
[debug] [2024-03-03T03:31:20.751Z] <<< [apiv2][body] POST https://www.googleapis.com/oauth2/v3/token [omitted]
[debug] [2024-03-03T03:31:20.769Z] >>> [apiv2][query] GET https://firebase.googleapis.com/v1beta1/projects pageSize=100
[debug] [2024-03-03T03:31:21.676Z] <<< [apiv2][status] GET https://firebase.googleapis.com/v1beta1/projects 200
[debug] [2024-03-03T03:31:21.676Z] <<< [apiv2][body] GET https://firebase.googleapis.com/v1beta1/projects [omitted]
[info] i  Using project ziichats (ziiChats) 
[info] 
=== Database Setup
[info] i  database: ensuring required API firebasedatabase.googleapis.com is enabled... 
[debug] [2024-03-03T03:31:26.076Z] >>> [apiv2][query] GET https://serviceusage.googleapis.com/v1/projects/ziichats/services/firebasedatabase.googleapis.com [none]
[debug] [2024-03-03T03:31:26.076Z] >>> [apiv2][(partial)header] GET https://serviceusage.googleapis.com/v1/projects/ziichats/services/firebasedatabase.googleapis.com x-goog-quota-user=projects/ziichats
[debug] [2024-03-03T03:31:27.818Z] <<< [apiv2][status] GET https://serviceusage.googleapis.com/v1/projects/ziichats/services/firebasedatabase.googleapis.com 200
[debug] [2024-03-03T03:31:27.818Z] <<< [apiv2][body] GET https://serviceusage.googleapis.com/v1/projects/ziichats/services/firebasedatabase.googleapis.com [omitted]
[info] +  database: required API firebasedatabase.googleapis.com is enabled 
[info] 
[debug] [2024-03-03T03:31:27.821Z] >>> [apiv2][query] GET https://firebasedatabase.googleapis.com/v1beta/projects/ziichats/locations/-/instances/ziichats-default-rtdb [none]
[debug] [2024-03-03T03:31:29.757Z] <<< [apiv2][status] GET https://firebasedatabase.googleapis.com/v1beta/projects/ziichats/locations/-/instances/ziichats-default-rtdb 200
[debug] [2024-03-03T03:31:29.757Z] <<< [apiv2][body] GET https://firebasedatabase.googleapis.com/v1beta/projects/ziichats/locations/-/instances/ziichats-default-rtdb {"name":"projects/255190565645/locations/asia-southeast1/instances/ziichats-default-rtdb","project":"projects/255190565645","databaseUrl":"https://ziichats-default-rtdb.asia-southeast1.firebasedatabase.app","type":"DEFAULT_DATABASE","state":"ACTIVE"}
[info] 
[info] Firebase Realtime Database Security Rules allow you to define how your data should be
[info] structured and when your data can be read from and written to.
[info] 
[debug] [2024-03-03T03:31:29.767Z] >>> [apiv2][query] GET https://ziichats-default-rtdb.asia-southeast1.firebasedatabase.app/.settings/rules.json [none]
[debug] [2024-03-03T03:31:30.062Z] <<< [apiv2][status] GET https://ziichats-default-rtdb.asia-southeast1.firebasedatabase.app/.settings/rules.json 200
[debug] [2024-03-03T03:31:30.062Z] <<< [apiv2][body] GET https://ziichats-default-rtdb.asia-southeast1.firebasedatabase.app/.settings/rules.json [stream]
[info] +  Database Rules for ziichats-default-rtdb have been written to database.rules.json. 
[info] Future modifications to database.rules.json will update Realtime Database Security Rules when you run
[info] firebase deploy.
[info] 
=== Hosting Setup
[debug] [2024-03-03T03:31:30.066Z] >>> [apiv2][query] GET https://firebase.googleapis.com/v1beta1/projects/ziichats [none]
[debug] [2024-03-03T03:31:30.415Z] <<< [apiv2][status] GET https://firebase.googleapis.com/v1beta1/projects/ziichats 200
[debug] [2024-03-03T03:31:30.416Z] <<< [apiv2][body] GET https://firebase.googleapis.com/v1beta1/projects/ziichats {"projectId":"ziichats","projectNumber":"255190565645","displayName":"ziiChats","name":"projects/ziichats","resources":{"hostingSite":"ziichats","realtimeDatabaseInstance":"ziichats-default-rtdb"},"state":"ACTIVE","etag":"1_0d3c4df1-edba-4001-82da-740ce8e9f504"}
[info] 
[info] Your public directory is the folder (relative to your project directory) that
[info] will contain Hosting assets to be uploaded with firebase deploy. If you
[info] have a build process for your assets, use your build's output directory.
[info] 
[debug] [2024-03-03T03:31:43.367Z] >>> [apiv2][query] GET https://www.gstatic.com/firebasejs/releases.json [none]
[debug] [2024-03-03T03:31:43.516Z] <<< [apiv2][status] GET https://www.gstatic.com/firebasejs/releases.json 200
[debug] [2024-03-03T03:31:43.516Z] <<< [apiv2][body] GET https://www.gstatic.com/firebasejs/releases.json {"current":{"version":"10.8.1","browserURL":"https://www.gstatic.com/firebasejs/10.8.1/firebase.js","packageURL":"https://www.gstatic.com/firebasejs/10.8.1/firebase.tgz"},"live":{"version":"10.8","browserURL":"https://www.gstatic.com/firebasejs/live/10.8/firebase.js","packageURL":"https://www.gstatic.com/firebasejs/live/10.8/firebase.tgz"},"components":{"analytics":"https://www.gstatic.com/firebasejs/10.8.1/firebase-analytics.js","app":"https://www.gstatic.com/firebasejs/10.8.1/firebase-app.js","app-check":"https://www.gstatic.com/firebasejs/10.8.1/firebase-app-check.js","auth":"https://www.gstatic.com/firebasejs/10.8.1/firebase-auth.js","auth/cordova":"https://www.gstatic.com/firebasejs/10.8.1/firebase-auth/cordova.js","auth/web-extension":"https://www.gstatic.com/firebasejs/10.8.1/firebase-auth/web-extension.js","functions":"https://www.gstatic.com/firebasejs/10.8.1/firebase-functions.js","firestore":"https://www.gstatic.com/firebasejs/10.8.1/firebase-firestore.js","firestore/lite":"https://www.gstatic.com/firebasejs/10.8.1/firebase-firestore/lite.js","installations":"https://www.gstatic.com/firebasejs/10.8.1/firebase-installations.js","storage":"https://www.gstatic.com/firebasejs/10.8.1/firebase-storage.js","performance":"https://www.gstatic.com/firebasejs/10.8.1/firebase-performance.js","remote-config":"https://www.gstatic.com/firebasejs/10.8.1/firebase-remote-config.js","messaging":"https://www.gstatic.com/firebasejs/10.8.1/firebase-messaging.js","messaging/sw":"https://www.gstatic.com/firebasejs/10.8.1/firebase-messaging/sw.js","database":"https://www.gstatic.com/firebasejs/10.8.1/firebase-database.js","firestore.memory":"https://www.gstatic.com/firebasejs/10.8.1/firebase-firestore.memory.js"}}
[info] +  Wrote public/index.html 
[info] 
[info] i  Didn't detect a .git folder. Assuming D:\ziiChats is the project root. 
[info] i  Authorizing with GitHub to upload your service account to a GitHub repository's secrets store. 
[info] 
[info] Visit this URL on this device to log in:
[info] https://github.com/login/oauth/authorize?client_id=89cf50f02ac6aaed3484&state=672710249&redirect_uri=http%3A%2F%2Flocalhost%3A9005&scope=read%3Auser%20repo%20public_repo
[info] 
[info] Waiting for authentication...
[debug] [2024-03-03T03:31:56.291Z] >>> [apiv2][query] POST https://github.com/login/oauth/access_token [none]
[debug] [2024-03-03T03:31:56.292Z] >>> [apiv2][body] POST https://github.com/login/oauth/access_token [stream]
[debug] [2024-03-03T03:31:56.782Z] <<< [apiv2][status] POST https://github.com/login/oauth/access_token 200
[debug] [2024-03-03T03:31:56.783Z] <<< [apiv2][body] POST https://github.com/login/oauth/access_token {"access_token":"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","token_type":"bearer","scope":"read:user,repo"}
[debug] [2024-03-03T03:31:56.796Z] >>> [apiv2][query] GET https://api.github.com/user [none]
[debug] [2024-03-03T03:31:57.344Z] <<< [apiv2][status] GET https://api.github.com/user 200
[debug] [2024-03-03T03:31:57.345Z] <<< [apiv2][body] GET https://api.github.com/user {"login":"kangzid","id":102877403,"node_id":"U_kgDOBiHI2w","avatar_url":"https://avatars.githubusercontent.com/u/102877403?v=4","gravatar_id":"","url":"https://api.github.com/users/kangzid","html_url":"https://github.com/kangzid","followers_url":"https://api.github.com/users/kangzid/followers","following_url":"https://api.github.com/users/kangzid/following{/other_user}","gists_url":"https://api.github.com/users/kangzid/gists{/gist_id}","starred_url":"https://api.github.com/users/kangzid/starred{/owner}{/repo}","subscriptions_url":"https://api.github.com/users/kangzid/subscriptions","organizations_url":"https://api.github.com/users/kangzid/orgs","repos_url":"https://api.github.com/users/kangzid/repos","events_url":"https://api.github.com/users/kangzid/events{/privacy}","received_events_url":"https://api.github.com/users/kangzid/received_events","type":"User","site_admin":false,"name":"Zalfyan","company":"HanyasEorangPeTanI","blog":"","location":"Los Santos","email":null,"hireable":null,"bio":"Second vVv","twitter_username":null,"public_repos":8,"public_gists":0,"followers":6,"following":15,"created_at":"2022-04-02T19:19:08Z","updated_at":"2024-02-29T11:26:19Z","private_gists":0,"total_private_repos":2,"owned_private_repos":2,"disk_usage":56303,"collaborators":0,"two_factor_authentication":false,"plan":{"name":"free","space":976562499,"collaborators":0,"private_repos":10000}}
[info] 
[info] +  Success! Logged into GitHub as kangzid 
[info] 
[debug] [2024-03-03T03:32:16.007Z] >>> [apiv2][query] GET https://api.github.com/repos/repository/actions/secrets/public-key type=owner
[debug] [2024-03-03T03:32:16.464Z] <<< [apiv2][status] GET https://api.github.com/repos/repository/actions/secrets/public-key 404
[debug] [2024-03-03T03:32:16.464Z] <<< [apiv2][body] GET https://api.github.com/repos/repository/actions/secrets/public-key {"message":"Not Found","documentation_url":"https://docs.github.com/rest"}
[info] 
[info] 
[error] !  The provided authorization cannot be used with this repository. If this repository is in an organization, did you remember to grant access? 
[info] 
[info] i  Action required: Visit this URL to ensure access has been granted to the appropriate organization(s) for the Firebase CLI GitHub OAuth App: 
[info] https://github.com/settings/connections/applications/89cf50f02ac6aaed3484
[info] 
[debug] [2024-03-03T03:32:25.135Z] >>> [apiv2][query] GET https://api.github.com/repos/repository/actions/secrets/public-key type=owner
[debug] [2024-03-03T03:32:25.668Z] <<< [apiv2][status] GET https://api.github.com/repos/repository/actions/secrets/public-key 404
[debug] [2024-03-03T03:32:25.668Z] <<< [apiv2][body] GET https://api.github.com/repos/repository/actions/secrets/public-key {"message":"Not Found","documentation_url":"https://docs.github.com/rest"}
[info] 
[info] 
[error] !  The provided authorization cannot be used with this repository. If this repository is in an organization, did you remember to grant access? 
[info] 
[info] i  Action required: Visit this URL to ensure access has been granted to the appropriate organization(s) for the Firebase CLI GitHub OAuth App: 
[info] https://github.com/settings/connections/applications/89cf50f02ac6aaed3484
[info] 
[debug] [2024-03-03T03:32:42.518Z] >>> [apiv2][query] GET https://api.github.com/repos/repositoryy/actions/secrets/public-key type=owner
[debug] [2024-03-03T03:32:42.940Z] <<< [apiv2][status] GET https://api.github.com/repos/repositoryy/actions/secrets/public-key 404
[debug] [2024-03-03T03:32:42.941Z] <<< [apiv2][body] GET https://api.github.com/repos/repositoryy/actions/secrets/public-key {"message":"Not Found","documentation_url":"https://docs.github.com/rest"}
[info] 
[info] 
[error] !  The provided authorization cannot be used with this repository. If this repository is in an organization, did you remember to grant access? 
[info] 
[info] i  Action required: Visit this URL to ensure access has been granted to the appropriate organization(s) for the Firebase CLI GitHub OAuth App: 
[info] https://github.com/settings/connections/applications/89cf50f02ac6aaed3484
[info] 
[debug] [2024-03-03T03:33:21.823Z] >>> [apiv2][query] GET https://api.github.com/repos/user/actions/secrets/public-key type=owner
[debug] [2024-03-03T03:33:22.498Z] <<< [apiv2][status] GET https://api.github.com/repos/user/actions/secrets/public-key 404
[debug] [2024-03-03T03:33:22.499Z] <<< [apiv2][body] GET https://api.github.com/repos/user/actions/secrets/public-key {"message":"Not Found","documentation_url":"https://docs.github.com/rest"}
[info] 
[info] 
[error] !  The provided authorization cannot be used with this repository. If this repository is in an organization, did you remember to grant access? 
[info] 
[info] i  Action required: Visit this URL to ensure access has been granted to the appropriate organization(s) for the Firebase CLI GitHub OAuth App: 
[info] https://github.com/settings/connections/applications/89cf50f02ac6aaed3484
[info] 
[debug] [2024-03-03T03:33:26.178Z] >>> [apiv2][query] GET https://api.github.com/repos/user/actions/secrets/public-key type=owner
[debug] [2024-03-03T03:33:26.601Z] <<< [apiv2][status] GET https://api.github.com/repos/user/actions/secrets/public-key 404
[debug] [2024-03-03T03:33:26.601Z] <<< [apiv2][body] GET https://api.github.com/repos/user/actions/secrets/public-key {"message":"Not Found","documentation_url":"https://docs.github.com/rest"}
[info] 
[info] 
[error] !  The provided authorization cannot be used with this repository. If this repository is in an organization, did you remember to grant access? 
[info] 
[info] i  Action required: Visit this URL to ensure access has been granted to the appropriate organization(s) for the Firebase CLI GitHub OAuth App: 
[info] https://github.com/settings/connections/applications/89cf50f02ac6aaed3484
[info] 
[debug] [2024-03-03T03:36:36.781Z] >>> [apiv2][query] GET https://api.github.com/repos/https://github.com/kangzid/ziiChats.git/actions/secrets/public-key type=owner
[debug] [2024-03-03T03:36:37.269Z] <<< [apiv2][status] GET https://api.github.com/repos/https://github.com/kangzid/ziiChats.git/actions/secrets/public-key 404
[debug] [2024-03-03T03:36:37.270Z] <<< [apiv2][body] GET https://api.github.com/repos/https://github.com/kangzid/ziiChats.git/actions/secrets/public-key {"message":"Not Found","documentation_url":"https://docs.github.com/rest"}
[info] 
[info] 
[error] !  The provided authorization cannot be used with this repository. If this repository is in an organization, did you remember to grant access? 
[info] 
[info] i  Action required: Visit this URL to ensure access has been granted to the appropriate organization(s) for the Firebase CLI GitHub OAuth App: 
[info] https://github.com/settings/connections/applications/89cf50f02ac6aaed3484
[info] 
[debug] [2024-03-03T03:36:38.606Z] >>> [apiv2][query] GET https://api.github.com/repos/https://github.com/kangzid/ziiChats.git/actions/secrets/public-key type=owner
[debug] [2024-03-03T03:36:39.005Z] <<< [apiv2][status] GET https://api.github.com/repos/https://github.com/kangzid/ziiChats.git/actions/secrets/public-key 404
[debug] [2024-03-03T03:36:39.006Z] <<< [apiv2][body] GET https://api.github.com/repos/https://github.com/kangzid/ziiChats.git/actions/secrets/public-key {"message":"Not Found","documentation_url":"https://docs.github.com/rest"}
[info] 
[info] 
[error] !  The provided authorization cannot be used with this repository. If this repository is in an organization, did you remember to grant access? 
[info] 
[info] i  Action required: Visit this URL to ensure access has been granted to the appropriate organization(s) for the Firebase CLI GitHub OAuth App: 
[info] https://github.com/settings/connections/applications/89cf50f02ac6aaed3484
[info] 
[debug] [2024-03-03T03:36:48.747Z] >>> [apiv2][query] GET https://api.github.com/repos/n/actions/secrets/public-key type=owner
[debug] [2024-03-03T03:36:49.259Z] <<< [apiv2][status] GET https://api.github.com/repos/n/actions/secrets/public-key 404
[debug] [2024-03-03T03:36:49.259Z] <<< [apiv2][body] GET https://api.github.com/repos/n/actions/secrets/public-key {"message":"Not Found","documentation_url":"https://docs.github.com/rest"}
[info] 
[info] 
[error] !  The provided authorization cannot be used with this repository. If this repository is in an organization, did you remember to grant access? 
[info] 
[info] i  Action required: Visit this URL to ensure access has been granted to the appropriate organization(s) for the Firebase CLI GitHub OAuth App: 
[info] https://github.com/settings/connections/applications/89cf50f02ac6aaed3484
[info] 
